[2024-05-24 05:41:46 +0000] [1986] [INFO] Starting gunicorn 22.0.0
[2024-05-24 05:41:46 +0000] [1986] [INFO] Listening at: http://0.0.0.0:5001 (1986)
[2024-05-24 05:41:46 +0000] [1986] [INFO] Using worker: sync
[2024-05-24 05:41:46 +0000] [1987] [INFO] Booting worker with pid: 1987
[2024-05-24 05:41:46 +0000] [1988] [INFO] Booting worker with pid: 1988
[2024-05-24 05:41:46 +0000] [1989] [INFO] Booting worker with pid: 1989
[2024-05-24 05:42:28 +0000] [1986] [INFO] Handling signal: int
[2024-05-24 05:42:29 +0000] [1987] [INFO] Worker exiting (pid: 1987)
[2024-05-24 05:42:29 +0000] [1988] [INFO] Worker exiting (pid: 1988)
[2024-05-24 05:42:29 +0000] [1989] [INFO] Worker exiting (pid: 1989)
[2024-05-24 05:42:29 +0000] [1986] [INFO] Shutting down: Master
[2024-05-24 05:43:01 +0000] [1996] [INFO] Starting gunicorn 22.0.0
[2024-05-24 05:43:01 +0000] [1996] [INFO] Listening at: http://0.0.0.0:5001 (1996)
[2024-05-24 05:43:01 +0000] [1996] [INFO] Using worker: sync
[2024-05-24 05:43:01 +0000] [1997] [INFO] Booting worker with pid: 1997
[2024-05-24 05:43:01 +0000] [1998] [INFO] Booting worker with pid: 1998
[2024-05-24 05:43:01 +0000] [1999] [INFO] Booting worker with pid: 1999
[2024-05-24 05:53:01 +0000] [2475] [INFO] Starting gunicorn 22.0.0
[2024-05-24 05:53:01 +0000] [2475] [ERROR] Retrying in 1 second.
[2024-05-24 05:53:02 +0000] [2475] [ERROR] Retrying in 1 second.
[2024-05-24 05:53:03 +0000] [2475] [ERROR] Retrying in 1 second.
[2024-05-24 05:53:04 +0000] [2475] [ERROR] Retrying in 1 second.
[2024-05-24 05:53:05 +0000] [2475] [ERROR] Retrying in 1 second.
[2024-05-24 05:53:06 +0000] [2475] [ERROR] Can't connect to ('0.0.0.0', 80)
[2024-05-24 05:57:15 +0000] [2482] [INFO] Starting gunicorn 22.0.0
[2024-05-24 05:57:15 +0000] [2482] [INFO] Listening at: http://0.0.0.0:80 (2482)
[2024-05-24 05:57:15 +0000] [2482] [INFO] Using worker: sync
[2024-05-24 05:57:15 +0000] [2483] [INFO] Booting worker with pid: 2483
[2024-05-24 05:57:15 +0000] [2484] [INFO] Booting worker with pid: 2484
[2024-05-24 05:57:15 +0000] [2485] [INFO] Booting worker with pid: 2485
[2024-05-24 05:59:44,071] ERROR in app: Exception on /webhook [POST]
Traceback (most recent call last):
  File "/home/ubuntu/tradebot/trading-bot/venv/lib/python3.12/site-packages/flask/app.py", line 1473, in wsgi_app
    response = self.full_dispatch_request()
               ^^^^^^^^^^^^^^^^^^^^^^^^^^^^
  File "/home/ubuntu/tradebot/trading-bot/venv/lib/python3.12/site-packages/flask/app.py", line 882, in full_dispatch_request
    rv = self.handle_user_exception(e)
         ^^^^^^^^^^^^^^^^^^^^^^^^^^^^^
  File "/home/ubuntu/tradebot/trading-bot/venv/lib/python3.12/site-packages/flask/app.py", line 880, in full_dispatch_request
    rv = self.dispatch_request()
         ^^^^^^^^^^^^^^^^^^^^^^^
  File "/home/ubuntu/tradebot/trading-bot/venv/lib/python3.12/site-packages/flask/app.py", line 865, in dispatch_request
    return self.ensure_sync(self.view_functions[rule.endpoint])(**view_args)  # type: ignore[no-any-return]
           ^^^^^^^^^^^^^^^^^^^^^^^^^^^^^^^^^^^^^^^^^^^^^^^^^^^^^^^^^^^^^^^^^
  File "/home/ubuntu/tradebot/trading-bot/main.py", line 75, in webhook
    update_trade(ticker, actual_price, timenow_ist)
  File "/home/ubuntu/tradebot/trading-bot/main.py", line 40, in update_trade
    with open(CSV_FILE, 'r') as file:
         ^^^^^^^^^^^^^^^^^^^
FileNotFoundError: [Errno 2] No such file or directory: 'trades.csv'
[2024-05-24 06:00:08,663] ERROR in app: Exception on /webhook [POST]
Traceback (most recent call last):
  File "/home/ubuntu/tradebot/trading-bot/venv/lib/python3.12/site-packages/flask/app.py", line 1473, in wsgi_app
    response = self.full_dispatch_request()
               ^^^^^^^^^^^^^^^^^^^^^^^^^^^^
  File "/home/ubuntu/tradebot/trading-bot/venv/lib/python3.12/site-packages/flask/app.py", line 882, in full_dispatch_request
    rv = self.handle_user_exception(e)
         ^^^^^^^^^^^^^^^^^^^^^^^^^^^^^
  File "/home/ubuntu/tradebot/trading-bot/venv/lib/python3.12/site-packages/flask/app.py", line 880, in full_dispatch_request
    rv = self.dispatch_request()
         ^^^^^^^^^^^^^^^^^^^^^^^
  File "/home/ubuntu/tradebot/trading-bot/venv/lib/python3.12/site-packages/flask/app.py", line 865, in dispatch_request
    return self.ensure_sync(self.view_functions[rule.endpoint])(**view_args)  # type: ignore[no-any-return]
           ^^^^^^^^^^^^^^^^^^^^^^^^^^^^^^^^^^^^^^^^^^^^^^^^^^^^^^^^^^^^^^^^^
  File "/home/ubuntu/tradebot/trading-bot/main.py", line 75, in webhook
    update_trade(ticker, actual_price, timenow_ist)
  File "/home/ubuntu/tradebot/trading-bot/main.py", line 40, in update_trade
    with open(CSV_FILE, 'r') as file:
         ^^^^^^^^^^^^^^^^^^^
FileNotFoundError: [Errno 2] No such file or directory: 'trades.csv'
[2024-05-24 06:00:14,084] ERROR in app: Exception on /webhook [POST]
Traceback (most recent call last):
  File "/home/ubuntu/tradebot/trading-bot/venv/lib/python3.12/site-packages/flask/app.py", line 1473, in wsgi_app
    response = self.full_dispatch_request()
               ^^^^^^^^^^^^^^^^^^^^^^^^^^^^
  File "/home/ubuntu/tradebot/trading-bot/venv/lib/python3.12/site-packages/flask/app.py", line 882, in full_dispatch_request
    rv = self.handle_user_exception(e)
         ^^^^^^^^^^^^^^^^^^^^^^^^^^^^^
  File "/home/ubuntu/tradebot/trading-bot/venv/lib/python3.12/site-packages/flask/app.py", line 880, in full_dispatch_request
    rv = self.dispatch_request()
         ^^^^^^^^^^^^^^^^^^^^^^^
  File "/home/ubuntu/tradebot/trading-bot/venv/lib/python3.12/site-packages/flask/app.py", line 865, in dispatch_request
    return self.ensure_sync(self.view_functions[rule.endpoint])(**view_args)  # type: ignore[no-any-return]
           ^^^^^^^^^^^^^^^^^^^^^^^^^^^^^^^^^^^^^^^^^^^^^^^^^^^^^^^^^^^^^^^^^
  File "/home/ubuntu/tradebot/trading-bot/main.py", line 75, in webhook
    update_trade(ticker, actual_price, timenow_ist)
  File "/home/ubuntu/tradebot/trading-bot/main.py", line 40, in update_trade
    with open(CSV_FILE, 'r') as file:
         ^^^^^^^^^^^^^^^^^^^
FileNotFoundError: [Errno 2] No such file or directory: 'trades.csv'
[2024-05-24 06:00:21,512] ERROR in app: Exception on /webhook [POST]
Traceback (most recent call last):
  File "/home/ubuntu/tradebot/trading-bot/venv/lib/python3.12/site-packages/flask/app.py", line 1473, in wsgi_app
    response = self.full_dispatch_request()
               ^^^^^^^^^^^^^^^^^^^^^^^^^^^^
  File "/home/ubuntu/tradebot/trading-bot/venv/lib/python3.12/site-packages/flask/app.py", line 882, in full_dispatch_request
    rv = self.handle_user_exception(e)
         ^^^^^^^^^^^^^^^^^^^^^^^^^^^^^
  File "/home/ubuntu/tradebot/trading-bot/venv/lib/python3.12/site-packages/flask/app.py", line 880, in full_dispatch_request
    rv = self.dispatch_request()
         ^^^^^^^^^^^^^^^^^^^^^^^
  File "/home/ubuntu/tradebot/trading-bot/venv/lib/python3.12/site-packages/flask/app.py", line 865, in dispatch_request
    return self.ensure_sync(self.view_functions[rule.endpoint])(**view_args)  # type: ignore[no-any-return]
           ^^^^^^^^^^^^^^^^^^^^^^^^^^^^^^^^^^^^^^^^^^^^^^^^^^^^^^^^^^^^^^^^^
  File "/home/ubuntu/tradebot/trading-bot/main.py", line 75, in webhook
    update_trade(ticker, actual_price, timenow_ist)
  File "/home/ubuntu/tradebot/trading-bot/main.py", line 40, in update_trade
    with open(CSV_FILE, 'r') as file:
         ^^^^^^^^^^^^^^^^^^^
FileNotFoundError: [Errno 2] No such file or directory: 'trades.csv'
[2024-05-24 06:00:26,902] ERROR in app: Exception on /webhook [POST]
Traceback (most recent call last):
  File "/home/ubuntu/tradebot/trading-bot/venv/lib/python3.12/site-packages/flask/app.py", line 1473, in wsgi_app
    response = self.full_dispatch_request()
               ^^^^^^^^^^^^^^^^^^^^^^^^^^^^
  File "/home/ubuntu/tradebot/trading-bot/venv/lib/python3.12/site-packages/flask/app.py", line 882, in full_dispatch_request
    rv = self.handle_user_exception(e)
         ^^^^^^^^^^^^^^^^^^^^^^^^^^^^^
  File "/home/ubuntu/tradebot/trading-bot/venv/lib/python3.12/site-packages/flask/app.py", line 880, in full_dispatch_request
    rv = self.dispatch_request()
         ^^^^^^^^^^^^^^^^^^^^^^^
  File "/home/ubuntu/tradebot/trading-bot/venv/lib/python3.12/site-packages/flask/app.py", line 865, in dispatch_request
    return self.ensure_sync(self.view_functions[rule.endpoint])(**view_args)  # type: ignore[no-any-return]
           ^^^^^^^^^^^^^^^^^^^^^^^^^^^^^^^^^^^^^^^^^^^^^^^^^^^^^^^^^^^^^^^^^
  File "/home/ubuntu/tradebot/trading-bot/main.py", line 75, in webhook
    update_trade(ticker, actual_price, timenow_ist)
  File "/home/ubuntu/tradebot/trading-bot/main.py", line 40, in update_trade
    with open(CSV_FILE, 'r') as file:
         ^^^^^^^^^^^^^^^^^^^
FileNotFoundError: [Errno 2] No such file or directory: 'trades.csv'
[2024-05-24 06:02:30 +0000] [2482] [INFO] Handling signal: hup
[2024-05-24 06:02:30 +0000] [2482] [INFO] Hang up: Master
[2024-05-24 06:02:30 +0000] [2482] [ERROR] Worker (pid:2484) was sent SIGHUP!
[2024-05-24 06:02:30 +0000] [2482] [ERROR] Worker (pid:2483) was sent SIGHUP!
[2024-05-24 06:02:30 +0000] [2482] [ERROR] Worker (pid:2485) was sent SIGHUP!
[2024-05-24 06:02:30 +0000] [2521] [INFO] Booting worker with pid: 2521
[2024-05-24 06:02:30 +0000] [2522] [INFO] Booting worker with pid: 2522
[2024-05-24 06:02:30 +0000] [2523] [INFO] Booting worker with pid: 2523
[2024-05-24 06:06:01,648] ERROR in app: Exception on /webhook [POST]
Traceback (most recent call last):
  File "/home/ubuntu/tradebot/trading-bot/venv/lib/python3.12/site-packages/flask/app.py", line 1473, in wsgi_app
    response = self.full_dispatch_request()
               ^^^^^^^^^^^^^^^^^^^^^^^^^^^^
  File "/home/ubuntu/tradebot/trading-bot/venv/lib/python3.12/site-packages/flask/app.py", line 882, in full_dispatch_request
    rv = self.handle_user_exception(e)
         ^^^^^^^^^^^^^^^^^^^^^^^^^^^^^
  File "/home/ubuntu/tradebot/trading-bot/venv/lib/python3.12/site-packages/flask/app.py", line 880, in full_dispatch_request
    rv = self.dispatch_request()
         ^^^^^^^^^^^^^^^^^^^^^^^
  File "/home/ubuntu/tradebot/trading-bot/venv/lib/python3.12/site-packages/flask/app.py", line 865, in dispatch_request
    return self.ensure_sync(self.view_functions[rule.endpoint])(**view_args)  # type: ignore[no-any-return]
           ^^^^^^^^^^^^^^^^^^^^^^^^^^^^^^^^^^^^^^^^^^^^^^^^^^^^^^^^^^^^^^^^^
  File "/home/ubuntu/tradebot/trading-bot/main.py", line 70, in webhook
    price = int(int(actual_price/100)*100)
                    ~~~~~~~~~~~~^~~~
TypeError: unsupported operand type(s) for /: 'str' and 'int'
[2024-05-24 06:06:07,303] ERROR in app: Exception on /webhook [POST]
Traceback (most recent call last):
  File "/home/ubuntu/tradebot/trading-bot/venv/lib/python3.12/site-packages/flask/app.py", line 1473, in wsgi_app
    response = self.full_dispatch_request()
               ^^^^^^^^^^^^^^^^^^^^^^^^^^^^
  File "/home/ubuntu/tradebot/trading-bot/venv/lib/python3.12/site-packages/flask/app.py", line 882, in full_dispatch_request
    rv = self.handle_user_exception(e)
         ^^^^^^^^^^^^^^^^^^^^^^^^^^^^^
  File "/home/ubuntu/tradebot/trading-bot/venv/lib/python3.12/site-packages/flask/app.py", line 880, in full_dispatch_request
    rv = self.dispatch_request()
         ^^^^^^^^^^^^^^^^^^^^^^^
  File "/home/ubuntu/tradebot/trading-bot/venv/lib/python3.12/site-packages/flask/app.py", line 865, in dispatch_request
    return self.ensure_sync(self.view_functions[rule.endpoint])(**view_args)  # type: ignore[no-any-return]
           ^^^^^^^^^^^^^^^^^^^^^^^^^^^^^^^^^^^^^^^^^^^^^^^^^^^^^^^^^^^^^^^^^
  File "/home/ubuntu/tradebot/trading-bot/main.py", line 70, in webhook
    price = int(int(actual_price/100)*100)
                    ~~~~~~~~~~~~^~~~
TypeError: unsupported operand type(s) for /: 'str' and 'int'
[2024-05-24 06:06:12,620] ERROR in app: Exception on /webhook [POST]
Traceback (most recent call last):
  File "/home/ubuntu/tradebot/trading-bot/venv/lib/python3.12/site-packages/flask/app.py", line 1473, in wsgi_app
    response = self.full_dispatch_request()
               ^^^^^^^^^^^^^^^^^^^^^^^^^^^^
  File "/home/ubuntu/tradebot/trading-bot/venv/lib/python3.12/site-packages/flask/app.py", line 882, in full_dispatch_request
    rv = self.handle_user_exception(e)
         ^^^^^^^^^^^^^^^^^^^^^^^^^^^^^
  File "/home/ubuntu/tradebot/trading-bot/venv/lib/python3.12/site-packages/flask/app.py", line 880, in full_dispatch_request
    rv = self.dispatch_request()
         ^^^^^^^^^^^^^^^^^^^^^^^
  File "/home/ubuntu/tradebot/trading-bot/venv/lib/python3.12/site-packages/flask/app.py", line 865, in dispatch_request
    return self.ensure_sync(self.view_functions[rule.endpoint])(**view_args)  # type: ignore[no-any-return]
           ^^^^^^^^^^^^^^^^^^^^^^^^^^^^^^^^^^^^^^^^^^^^^^^^^^^^^^^^^^^^^^^^^
  File "/home/ubuntu/tradebot/trading-bot/main.py", line 70, in webhook
    price = int(int(actual_price/100)*100)
                    ~~~~~~~~~~~~^~~~
TypeError: unsupported operand type(s) for /: 'str' and 'int'
[2024-05-24 06:06:17,956] ERROR in app: Exception on /webhook [POST]
Traceback (most recent call last):
  File "/home/ubuntu/tradebot/trading-bot/venv/lib/python3.12/site-packages/flask/app.py", line 1473, in wsgi_app
    response = self.full_dispatch_request()
               ^^^^^^^^^^^^^^^^^^^^^^^^^^^^
  File "/home/ubuntu/tradebot/trading-bot/venv/lib/python3.12/site-packages/flask/app.py", line 882, in full_dispatch_request
    rv = self.handle_user_exception(e)
         ^^^^^^^^^^^^^^^^^^^^^^^^^^^^^
  File "/home/ubuntu/tradebot/trading-bot/venv/lib/python3.12/site-packages/flask/app.py", line 880, in full_dispatch_request
    rv = self.dispatch_request()
         ^^^^^^^^^^^^^^^^^^^^^^^
  File "/home/ubuntu/tradebot/trading-bot/venv/lib/python3.12/site-packages/flask/app.py", line 865, in dispatch_request
    return self.ensure_sync(self.view_functions[rule.endpoint])(**view_args)  # type: ignore[no-any-return]
           ^^^^^^^^^^^^^^^^^^^^^^^^^^^^^^^^^^^^^^^^^^^^^^^^^^^^^^^^^^^^^^^^^
  File "/home/ubuntu/tradebot/trading-bot/main.py", line 70, in webhook
    price = int(int(actual_price/100)*100)
                    ~~~~~~~~~~~~^~~~
TypeError: unsupported operand type(s) for /: 'str' and 'int'
[2024-05-24 06:15:27 +0000] [2521] [ERROR] Exception in worker process
Traceback (most recent call last):
  File "/home/ubuntu/tradebot/trading-bot/venv/lib/python3.12/site-packages/gunicorn/workers/sync.py", line 134, in handle
    req = next(parser)
          ^^^^^^^^^^^^
  File "/home/ubuntu/tradebot/trading-bot/venv/lib/python3.12/site-packages/gunicorn/http/parser.py", line 42, in __next__
    self.mesg = self.mesg_class(self.cfg, self.unreader, self.source_addr, self.req_count)
                ^^^^^^^^^^^^^^^^^^^^^^^^^^^^^^^^^^^^^^^^^^^^^^^^^^^^^^^^^^^^^^^^^^^^^^^^^^
  File "/home/ubuntu/tradebot/trading-bot/venv/lib/python3.12/site-packages/gunicorn/http/message.py", line 257, in __init__
    super().__init__(cfg, unreader, peer_addr)
  File "/home/ubuntu/tradebot/trading-bot/venv/lib/python3.12/site-packages/gunicorn/http/message.py", line 60, in __init__
    unused = self.parse(self.unreader)
             ^^^^^^^^^^^^^^^^^^^^^^^^^
  File "/home/ubuntu/tradebot/trading-bot/venv/lib/python3.12/site-packages/gunicorn/http/message.py", line 281, in parse
    self.parse_request_line(line)
  File "/home/ubuntu/tradebot/trading-bot/venv/lib/python3.12/site-packages/gunicorn/http/message.py", line 445, in parse_request_line
    raise InvalidHTTPVersion(self.version)
gunicorn.http.errors.InvalidHTTPVersion: <exception str() failed>

During handling of the above exception, another exception occurred:

Traceback (most recent call last):
  File "/home/ubuntu/tradebot/trading-bot/venv/lib/python3.12/site-packages/gunicorn/arbiter.py", line 609, in spawn_worker
    worker.init_process()
  File "/home/ubuntu/tradebot/trading-bot/venv/lib/python3.12/site-packages/gunicorn/workers/base.py", line 142, in init_process
    self.run()
  File "/home/ubuntu/tradebot/trading-bot/venv/lib/python3.12/site-packages/gunicorn/workers/sync.py", line 126, in run
    self.run_for_one(timeout)
  File "/home/ubuntu/tradebot/trading-bot/venv/lib/python3.12/site-packages/gunicorn/workers/sync.py", line 70, in run_for_one
    self.accept(listener)
  File "/home/ubuntu/tradebot/trading-bot/venv/lib/python3.12/site-packages/gunicorn/workers/sync.py", line 32, in accept
    self.handle(listener, client, addr)
  File "/home/ubuntu/tradebot/trading-bot/venv/lib/python3.12/site-packages/gunicorn/workers/sync.py", line 158, in handle
    self.handle_error(req, client, addr, e)
  File "/home/ubuntu/tradebot/trading-bot/venv/lib/python3.12/site-packages/gunicorn/workers/base.py", line 225, in handle_error
    mesg = "Invalid HTTP Version '%s'" % str(exc)
                                         ^^^^^^^^
  File "/home/ubuntu/tradebot/trading-bot/venv/lib/python3.12/site-packages/gunicorn/http/errors.py", line 56, in __str__
    return "Invalid HTTP Version: %r" % self.version
           ~~~~~~~~~~~~~~~~~~~~~~~~~~~^~~~~~~~~~~~~~
TypeError: not all arguments converted during string formatting
[2024-05-24 06:15:27 +0000] [2521] [INFO] Worker exiting (pid: 2521)
[2024-05-24 06:15:28 +0000] [2482] [ERROR] Worker (pid:2521) exited with code 255
[2024-05-24 06:15:28 +0000] [2482] [ERROR] Worker (pid:2521) exited with code 255.
[2024-05-24 06:15:28 +0000] [2982] [INFO] Booting worker with pid: 2982
[2024-05-24 06:28:02,446] ERROR in app: Exception on /webhook [POST]
Traceback (most recent call last):
  File "/home/ubuntu/tradebot/trading-bot/venv/lib/python3.12/site-packages/flask/app.py", line 1473, in wsgi_app
    response = self.full_dispatch_request()
               ^^^^^^^^^^^^^^^^^^^^^^^^^^^^
  File "/home/ubuntu/tradebot/trading-bot/venv/lib/python3.12/site-packages/flask/app.py", line 882, in full_dispatch_request
    rv = self.handle_user_exception(e)
         ^^^^^^^^^^^^^^^^^^^^^^^^^^^^^
  File "/home/ubuntu/tradebot/trading-bot/venv/lib/python3.12/site-packages/flask/app.py", line 880, in full_dispatch_request
    rv = self.dispatch_request()
         ^^^^^^^^^^^^^^^^^^^^^^^
  File "/home/ubuntu/tradebot/trading-bot/venv/lib/python3.12/site-packages/flask/app.py", line 865, in dispatch_request
    return self.ensure_sync(self.view_functions[rule.endpoint])(**view_args)  # type: ignore[no-any-return]
           ^^^^^^^^^^^^^^^^^^^^^^^^^^^^^^^^^^^^^^^^^^^^^^^^^^^^^^^^^^^^^^^^^
  File "/home/ubuntu/tradebot/trading-bot/main.py", line 70, in webhook
    price = int(int(actual_price/100)*100)
                    ~~~~~~~~~~~~^~~~
TypeError: unsupported operand type(s) for /: 'str' and 'int'
[2024-05-24 06:28:07,812] ERROR in app: Exception on /webhook [POST]
Traceback (most recent call last):
  File "/home/ubuntu/tradebot/trading-bot/venv/lib/python3.12/site-packages/flask/app.py", line 1473, in wsgi_app
    response = self.full_dispatch_request()
               ^^^^^^^^^^^^^^^^^^^^^^^^^^^^
  File "/home/ubuntu/tradebot/trading-bot/venv/lib/python3.12/site-packages/flask/app.py", line 882, in full_dispatch_request
    rv = self.handle_user_exception(e)
         ^^^^^^^^^^^^^^^^^^^^^^^^^^^^^
  File "/home/ubuntu/tradebot/trading-bot/venv/lib/python3.12/site-packages/flask/app.py", line 880, in full_dispatch_request
    rv = self.dispatch_request()
         ^^^^^^^^^^^^^^^^^^^^^^^
  File "/home/ubuntu/tradebot/trading-bot/venv/lib/python3.12/site-packages/flask/app.py", line 865, in dispatch_request
    return self.ensure_sync(self.view_functions[rule.endpoint])(**view_args)  # type: ignore[no-any-return]
           ^^^^^^^^^^^^^^^^^^^^^^^^^^^^^^^^^^^^^^^^^^^^^^^^^^^^^^^^^^^^^^^^^
  File "/home/ubuntu/tradebot/trading-bot/main.py", line 70, in webhook
    price = int(int(actual_price/100)*100)
                    ~~~~~~~~~~~~^~~~
TypeError: unsupported operand type(s) for /: 'str' and 'int'
[2024-05-24 06:28:13,125] ERROR in app: Exception on /webhook [POST]
Traceback (most recent call last):
  File "/home/ubuntu/tradebot/trading-bot/venv/lib/python3.12/site-packages/flask/app.py", line 1473, in wsgi_app
    response = self.full_dispatch_request()
               ^^^^^^^^^^^^^^^^^^^^^^^^^^^^
  File "/home/ubuntu/tradebot/trading-bot/venv/lib/python3.12/site-packages/flask/app.py", line 882, in full_dispatch_request
    rv = self.handle_user_exception(e)
         ^^^^^^^^^^^^^^^^^^^^^^^^^^^^^
  File "/home/ubuntu/tradebot/trading-bot/venv/lib/python3.12/site-packages/flask/app.py", line 880, in full_dispatch_request
    rv = self.dispatch_request()
         ^^^^^^^^^^^^^^^^^^^^^^^
  File "/home/ubuntu/tradebot/trading-bot/venv/lib/python3.12/site-packages/flask/app.py", line 865, in dispatch_request
    return self.ensure_sync(self.view_functions[rule.endpoint])(**view_args)  # type: ignore[no-any-return]
           ^^^^^^^^^^^^^^^^^^^^^^^^^^^^^^^^^^^^^^^^^^^^^^^^^^^^^^^^^^^^^^^^^
  File "/home/ubuntu/tradebot/trading-bot/main.py", line 70, in webhook
    price = int(int(actual_price/100)*100)
                    ~~~~~~~~~~~~^~~~
TypeError: unsupported operand type(s) for /: 'str' and 'int'
[2024-05-24 06:28:18,444] ERROR in app: Exception on /webhook [POST]
Traceback (most recent call last):
  File "/home/ubuntu/tradebot/trading-bot/venv/lib/python3.12/site-packages/flask/app.py", line 1473, in wsgi_app
    response = self.full_dispatch_request()
               ^^^^^^^^^^^^^^^^^^^^^^^^^^^^
  File "/home/ubuntu/tradebot/trading-bot/venv/lib/python3.12/site-packages/flask/app.py", line 882, in full_dispatch_request
    rv = self.handle_user_exception(e)
         ^^^^^^^^^^^^^^^^^^^^^^^^^^^^^
  File "/home/ubuntu/tradebot/trading-bot/venv/lib/python3.12/site-packages/flask/app.py", line 880, in full_dispatch_request
    rv = self.dispatch_request()
         ^^^^^^^^^^^^^^^^^^^^^^^
  File "/home/ubuntu/tradebot/trading-bot/venv/lib/python3.12/site-packages/flask/app.py", line 865, in dispatch_request
    return self.ensure_sync(self.view_functions[rule.endpoint])(**view_args)  # type: ignore[no-any-return]
           ^^^^^^^^^^^^^^^^^^^^^^^^^^^^^^^^^^^^^^^^^^^^^^^^^^^^^^^^^^^^^^^^^
  File "/home/ubuntu/tradebot/trading-bot/main.py", line 70, in webhook
    price = int(int(actual_price/100)*100)
                    ~~~~~~~~~~~~^~~~
TypeError: unsupported operand type(s) for /: 'str' and 'int'
[2024-05-24 06:34:02,033] ERROR in app: Exception on /webhook [POST]
Traceback (most recent call last):
  File "/home/ubuntu/tradebot/trading-bot/venv/lib/python3.12/site-packages/flask/app.py", line 1473, in wsgi_app
    response = self.full_dispatch_request()
               ^^^^^^^^^^^^^^^^^^^^^^^^^^^^
  File "/home/ubuntu/tradebot/trading-bot/venv/lib/python3.12/site-packages/flask/app.py", line 882, in full_dispatch_request
    rv = self.handle_user_exception(e)
         ^^^^^^^^^^^^^^^^^^^^^^^^^^^^^
  File "/home/ubuntu/tradebot/trading-bot/venv/lib/python3.12/site-packages/flask/app.py", line 880, in full_dispatch_request
    rv = self.dispatch_request()
         ^^^^^^^^^^^^^^^^^^^^^^^
  File "/home/ubuntu/tradebot/trading-bot/venv/lib/python3.12/site-packages/flask/app.py", line 865, in dispatch_request
    return self.ensure_sync(self.view_functions[rule.endpoint])(**view_args)  # type: ignore[no-any-return]
           ^^^^^^^^^^^^^^^^^^^^^^^^^^^^^^^^^^^^^^^^^^^^^^^^^^^^^^^^^^^^^^^^^
  File "/home/ubuntu/tradebot/trading-bot/main.py", line 70, in webhook
    price = int(int(actual_price/100)*100)
                    ~~~~~~~~~~~~^~~~
TypeError: unsupported operand type(s) for /: 'str' and 'int'
[2024-05-24 06:34:07,378] ERROR in app: Exception on /webhook [POST]
Traceback (most recent call last):
  File "/home/ubuntu/tradebot/trading-bot/venv/lib/python3.12/site-packages/flask/app.py", line 1473, in wsgi_app
    response = self.full_dispatch_request()
               ^^^^^^^^^^^^^^^^^^^^^^^^^^^^
  File "/home/ubuntu/tradebot/trading-bot/venv/lib/python3.12/site-packages/flask/app.py", line 882, in full_dispatch_request
    rv = self.handle_user_exception(e)
         ^^^^^^^^^^^^^^^^^^^^^^^^^^^^^
  File "/home/ubuntu/tradebot/trading-bot/venv/lib/python3.12/site-packages/flask/app.py", line 880, in full_dispatch_request
    rv = self.dispatch_request()
         ^^^^^^^^^^^^^^^^^^^^^^^
  File "/home/ubuntu/tradebot/trading-bot/venv/lib/python3.12/site-packages/flask/app.py", line 865, in dispatch_request
    return self.ensure_sync(self.view_functions[rule.endpoint])(**view_args)  # type: ignore[no-any-return]
           ^^^^^^^^^^^^^^^^^^^^^^^^^^^^^^^^^^^^^^^^^^^^^^^^^^^^^^^^^^^^^^^^^
  File "/home/ubuntu/tradebot/trading-bot/main.py", line 70, in webhook
    price = int(int(actual_price/100)*100)
                    ~~~~~~~~~~~~^~~~
TypeError: unsupported operand type(s) for /: 'str' and 'int'
[2024-05-24 06:34:12,702] ERROR in app: Exception on /webhook [POST]
Traceback (most recent call last):
  File "/home/ubuntu/tradebot/trading-bot/venv/lib/python3.12/site-packages/flask/app.py", line 1473, in wsgi_app
    response = self.full_dispatch_request()
               ^^^^^^^^^^^^^^^^^^^^^^^^^^^^
  File "/home/ubuntu/tradebot/trading-bot/venv/lib/python3.12/site-packages/flask/app.py", line 882, in full_dispatch_request
    rv = self.handle_user_exception(e)
         ^^^^^^^^^^^^^^^^^^^^^^^^^^^^^
  File "/home/ubuntu/tradebot/trading-bot/venv/lib/python3.12/site-packages/flask/app.py", line 880, in full_dispatch_request
    rv = self.dispatch_request()
         ^^^^^^^^^^^^^^^^^^^^^^^
  File "/home/ubuntu/tradebot/trading-bot/venv/lib/python3.12/site-packages/flask/app.py", line 865, in dispatch_request
    return self.ensure_sync(self.view_functions[rule.endpoint])(**view_args)  # type: ignore[no-any-return]
           ^^^^^^^^^^^^^^^^^^^^^^^^^^^^^^^^^^^^^^^^^^^^^^^^^^^^^^^^^^^^^^^^^
  File "/home/ubuntu/tradebot/trading-bot/main.py", line 70, in webhook
    price = int(int(actual_price/100)*100)
                    ~~~~~~~~~~~~^~~~
TypeError: unsupported operand type(s) for /: 'str' and 'int'
[2024-05-24 06:34:18,017] ERROR in app: Exception on /webhook [POST]
Traceback (most recent call last):
  File "/home/ubuntu/tradebot/trading-bot/venv/lib/python3.12/site-packages/flask/app.py", line 1473, in wsgi_app
    response = self.full_dispatch_request()
               ^^^^^^^^^^^^^^^^^^^^^^^^^^^^
  File "/home/ubuntu/tradebot/trading-bot/venv/lib/python3.12/site-packages/flask/app.py", line 882, in full_dispatch_request
    rv = self.handle_user_exception(e)
         ^^^^^^^^^^^^^^^^^^^^^^^^^^^^^
  File "/home/ubuntu/tradebot/trading-bot/venv/lib/python3.12/site-packages/flask/app.py", line 880, in full_dispatch_request
    rv = self.dispatch_request()
         ^^^^^^^^^^^^^^^^^^^^^^^
  File "/home/ubuntu/tradebot/trading-bot/venv/lib/python3.12/site-packages/flask/app.py", line 865, in dispatch_request
    return self.ensure_sync(self.view_functions[rule.endpoint])(**view_args)  # type: ignore[no-any-return]
           ^^^^^^^^^^^^^^^^^^^^^^^^^^^^^^^^^^^^^^^^^^^^^^^^^^^^^^^^^^^^^^^^^
  File "/home/ubuntu/tradebot/trading-bot/main.py", line 70, in webhook
    price = int(int(actual_price/100)*100)
                    ~~~~~~~~~~~~^~~~
TypeError: unsupported operand type(s) for /: 'str' and 'int'
[2024-05-24 06:40:00,728] ERROR in app: Exception on /webhook [POST]
Traceback (most recent call last):
  File "/home/ubuntu/tradebot/trading-bot/venv/lib/python3.12/site-packages/flask/app.py", line 1473, in wsgi_app
    response = self.full_dispatch_request()
               ^^^^^^^^^^^^^^^^^^^^^^^^^^^^
  File "/home/ubuntu/tradebot/trading-bot/venv/lib/python3.12/site-packages/flask/app.py", line 882, in full_dispatch_request
    rv = self.handle_user_exception(e)
         ^^^^^^^^^^^^^^^^^^^^^^^^^^^^^
  File "/home/ubuntu/tradebot/trading-bot/venv/lib/python3.12/site-packages/flask/app.py", line 880, in full_dispatch_request
    rv = self.dispatch_request()
         ^^^^^^^^^^^^^^^^^^^^^^^
  File "/home/ubuntu/tradebot/trading-bot/venv/lib/python3.12/site-packages/flask/app.py", line 865, in dispatch_request
    return self.ensure_sync(self.view_functions[rule.endpoint])(**view_args)  # type: ignore[no-any-return]
           ^^^^^^^^^^^^^^^^^^^^^^^^^^^^^^^^^^^^^^^^^^^^^^^^^^^^^^^^^^^^^^^^^
  File "/home/ubuntu/tradebot/trading-bot/main.py", line 70, in webhook
    price = int(int(actual_price/100)*100)
                    ~~~~~~~~~~~~^~~~
TypeError: unsupported operand type(s) for /: 'str' and 'int'
[2024-05-24 06:40:08,030] ERROR in app: Exception on /webhook [POST]
Traceback (most recent call last):
  File "/home/ubuntu/tradebot/trading-bot/venv/lib/python3.12/site-packages/flask/app.py", line 1473, in wsgi_app
    response = self.full_dispatch_request()
               ^^^^^^^^^^^^^^^^^^^^^^^^^^^^
  File "/home/ubuntu/tradebot/trading-bot/venv/lib/python3.12/site-packages/flask/app.py", line 882, in full_dispatch_request
    rv = self.handle_user_exception(e)
         ^^^^^^^^^^^^^^^^^^^^^^^^^^^^^
  File "/home/ubuntu/tradebot/trading-bot/venv/lib/python3.12/site-packages/flask/app.py", line 880, in full_dispatch_request
    rv = self.dispatch_request()
         ^^^^^^^^^^^^^^^^^^^^^^^
  File "/home/ubuntu/tradebot/trading-bot/venv/lib/python3.12/site-packages/flask/app.py", line 865, in dispatch_request
    return self.ensure_sync(self.view_functions[rule.endpoint])(**view_args)  # type: ignore[no-any-return]
           ^^^^^^^^^^^^^^^^^^^^^^^^^^^^^^^^^^^^^^^^^^^^^^^^^^^^^^^^^^^^^^^^^
  File "/home/ubuntu/tradebot/trading-bot/main.py", line 70, in webhook
    price = int(int(actual_price/100)*100)
                    ~~~~~~~~~~~~^~~~
TypeError: unsupported operand type(s) for /: 'str' and 'int'
[2024-05-24 06:40:13,425] ERROR in app: Exception on /webhook [POST]
Traceback (most recent call last):
  File "/home/ubuntu/tradebot/trading-bot/venv/lib/python3.12/site-packages/flask/app.py", line 1473, in wsgi_app
    response = self.full_dispatch_request()
               ^^^^^^^^^^^^^^^^^^^^^^^^^^^^
  File "/home/ubuntu/tradebot/trading-bot/venv/lib/python3.12/site-packages/flask/app.py", line 882, in full_dispatch_request
    rv = self.handle_user_exception(e)
         ^^^^^^^^^^^^^^^^^^^^^^^^^^^^^
  File "/home/ubuntu/tradebot/trading-bot/venv/lib/python3.12/site-packages/flask/app.py", line 880, in full_dispatch_request
    rv = self.dispatch_request()
         ^^^^^^^^^^^^^^^^^^^^^^^
  File "/home/ubuntu/tradebot/trading-bot/venv/lib/python3.12/site-packages/flask/app.py", line 865, in dispatch_request
    return self.ensure_sync(self.view_functions[rule.endpoint])(**view_args)  # type: ignore[no-any-return]
           ^^^^^^^^^^^^^^^^^^^^^^^^^^^^^^^^^^^^^^^^^^^^^^^^^^^^^^^^^^^^^^^^^
  File "/home/ubuntu/tradebot/trading-bot/main.py", line 70, in webhook
    price = int(int(actual_price/100)*100)
                    ~~~~~~~~~~~~^~~~
TypeError: unsupported operand type(s) for /: 'str' and 'int'
[2024-05-24 06:40:18,739] ERROR in app: Exception on /webhook [POST]
Traceback (most recent call last):
  File "/home/ubuntu/tradebot/trading-bot/venv/lib/python3.12/site-packages/flask/app.py", line 1473, in wsgi_app
    response = self.full_dispatch_request()
               ^^^^^^^^^^^^^^^^^^^^^^^^^^^^
  File "/home/ubuntu/tradebot/trading-bot/venv/lib/python3.12/site-packages/flask/app.py", line 882, in full_dispatch_request
    rv = self.handle_user_exception(e)
         ^^^^^^^^^^^^^^^^^^^^^^^^^^^^^
  File "/home/ubuntu/tradebot/trading-bot/venv/lib/python3.12/site-packages/flask/app.py", line 880, in full_dispatch_request
    rv = self.dispatch_request()
         ^^^^^^^^^^^^^^^^^^^^^^^
  File "/home/ubuntu/tradebot/trading-bot/venv/lib/python3.12/site-packages/flask/app.py", line 865, in dispatch_request
    return self.ensure_sync(self.view_functions[rule.endpoint])(**view_args)  # type: ignore[no-any-return]
           ^^^^^^^^^^^^^^^^^^^^^^^^^^^^^^^^^^^^^^^^^^^^^^^^^^^^^^^^^^^^^^^^^
  File "/home/ubuntu/tradebot/trading-bot/main.py", line 70, in webhook
    price = int(int(actual_price/100)*100)
                    ~~~~~~~~~~~~^~~~
TypeError: unsupported operand type(s) for /: 'str' and 'int'
[2024-05-24 06:46:02,407] ERROR in app: Exception on /webhook [POST]
Traceback (most recent call last):
  File "/home/ubuntu/tradebot/trading-bot/venv/lib/python3.12/site-packages/flask/app.py", line 1473, in wsgi_app
    response = self.full_dispatch_request()
               ^^^^^^^^^^^^^^^^^^^^^^^^^^^^
  File "/home/ubuntu/tradebot/trading-bot/venv/lib/python3.12/site-packages/flask/app.py", line 882, in full_dispatch_request
    rv = self.handle_user_exception(e)
         ^^^^^^^^^^^^^^^^^^^^^^^^^^^^^
  File "/home/ubuntu/tradebot/trading-bot/venv/lib/python3.12/site-packages/flask/app.py", line 880, in full_dispatch_request
    rv = self.dispatch_request()
         ^^^^^^^^^^^^^^^^^^^^^^^
  File "/home/ubuntu/tradebot/trading-bot/venv/lib/python3.12/site-packages/flask/app.py", line 865, in dispatch_request
    return self.ensure_sync(self.view_functions[rule.endpoint])(**view_args)  # type: ignore[no-any-return]
           ^^^^^^^^^^^^^^^^^^^^^^^^^^^^^^^^^^^^^^^^^^^^^^^^^^^^^^^^^^^^^^^^^
  File "/home/ubuntu/tradebot/trading-bot/main.py", line 70, in webhook
    price = int(int(actual_price/100)*100)
                    ~~~~~~~~~~~~^~~~
TypeError: unsupported operand type(s) for /: 'str' and 'int'
[2024-05-24 06:46:07,932] ERROR in app: Exception on /webhook [POST]
Traceback (most recent call last):
  File "/home/ubuntu/tradebot/trading-bot/venv/lib/python3.12/site-packages/flask/app.py", line 1473, in wsgi_app
    response = self.full_dispatch_request()
               ^^^^^^^^^^^^^^^^^^^^^^^^^^^^
  File "/home/ubuntu/tradebot/trading-bot/venv/lib/python3.12/site-packages/flask/app.py", line 882, in full_dispatch_request
    rv = self.handle_user_exception(e)
         ^^^^^^^^^^^^^^^^^^^^^^^^^^^^^
  File "/home/ubuntu/tradebot/trading-bot/venv/lib/python3.12/site-packages/flask/app.py", line 880, in full_dispatch_request
    rv = self.dispatch_request()
         ^^^^^^^^^^^^^^^^^^^^^^^
  File "/home/ubuntu/tradebot/trading-bot/venv/lib/python3.12/site-packages/flask/app.py", line 865, in dispatch_request
    return self.ensure_sync(self.view_functions[rule.endpoint])(**view_args)  # type: ignore[no-any-return]
           ^^^^^^^^^^^^^^^^^^^^^^^^^^^^^^^^^^^^^^^^^^^^^^^^^^^^^^^^^^^^^^^^^
  File "/home/ubuntu/tradebot/trading-bot/main.py", line 70, in webhook
    price = int(int(actual_price/100)*100)
                    ~~~~~~~~~~~~^~~~
TypeError: unsupported operand type(s) for /: 'str' and 'int'
[2024-05-24 06:46:13,252] ERROR in app: Exception on /webhook [POST]
Traceback (most recent call last):
  File "/home/ubuntu/tradebot/trading-bot/venv/lib/python3.12/site-packages/flask/app.py", line 1473, in wsgi_app
    response = self.full_dispatch_request()
               ^^^^^^^^^^^^^^^^^^^^^^^^^^^^
  File "/home/ubuntu/tradebot/trading-bot/venv/lib/python3.12/site-packages/flask/app.py", line 882, in full_dispatch_request
    rv = self.handle_user_exception(e)
         ^^^^^^^^^^^^^^^^^^^^^^^^^^^^^
  File "/home/ubuntu/tradebot/trading-bot/venv/lib/python3.12/site-packages/flask/app.py", line 880, in full_dispatch_request
    rv = self.dispatch_request()
         ^^^^^^^^^^^^^^^^^^^^^^^
  File "/home/ubuntu/tradebot/trading-bot/venv/lib/python3.12/site-packages/flask/app.py", line 865, in dispatch_request
    return self.ensure_sync(self.view_functions[rule.endpoint])(**view_args)  # type: ignore[no-any-return]
           ^^^^^^^^^^^^^^^^^^^^^^^^^^^^^^^^^^^^^^^^^^^^^^^^^^^^^^^^^^^^^^^^^
  File "/home/ubuntu/tradebot/trading-bot/main.py", line 70, in webhook
    price = int(int(actual_price/100)*100)
                    ~~~~~~~~~~~~^~~~
TypeError: unsupported operand type(s) for /: 'str' and 'int'
[2024-05-24 06:46:18,571] ERROR in app: Exception on /webhook [POST]
Traceback (most recent call last):
  File "/home/ubuntu/tradebot/trading-bot/venv/lib/python3.12/site-packages/flask/app.py", line 1473, in wsgi_app
    response = self.full_dispatch_request()
               ^^^^^^^^^^^^^^^^^^^^^^^^^^^^
  File "/home/ubuntu/tradebot/trading-bot/venv/lib/python3.12/site-packages/flask/app.py", line 882, in full_dispatch_request
    rv = self.handle_user_exception(e)
         ^^^^^^^^^^^^^^^^^^^^^^^^^^^^^
  File "/home/ubuntu/tradebot/trading-bot/venv/lib/python3.12/site-packages/flask/app.py", line 880, in full_dispatch_request
    rv = self.dispatch_request()
         ^^^^^^^^^^^^^^^^^^^^^^^
  File "/home/ubuntu/tradebot/trading-bot/venv/lib/python3.12/site-packages/flask/app.py", line 865, in dispatch_request
    return self.ensure_sync(self.view_functions[rule.endpoint])(**view_args)  # type: ignore[no-any-return]
           ^^^^^^^^^^^^^^^^^^^^^^^^^^^^^^^^^^^^^^^^^^^^^^^^^^^^^^^^^^^^^^^^^
  File "/home/ubuntu/tradebot/trading-bot/main.py", line 70, in webhook
    price = int(int(actual_price/100)*100)
                    ~~~~~~~~~~~~^~~~
TypeError: unsupported operand type(s) for /: 'str' and 'int'
[2024-05-24 06:54:01,734] ERROR in app: Exception on /webhook [POST]
Traceback (most recent call last):
  File "/home/ubuntu/tradebot/trading-bot/venv/lib/python3.12/site-packages/flask/app.py", line 1473, in wsgi_app
    response = self.full_dispatch_request()
               ^^^^^^^^^^^^^^^^^^^^^^^^^^^^
  File "/home/ubuntu/tradebot/trading-bot/venv/lib/python3.12/site-packages/flask/app.py", line 882, in full_dispatch_request
    rv = self.handle_user_exception(e)
         ^^^^^^^^^^^^^^^^^^^^^^^^^^^^^
  File "/home/ubuntu/tradebot/trading-bot/venv/lib/python3.12/site-packages/flask/app.py", line 880, in full_dispatch_request
    rv = self.dispatch_request()
         ^^^^^^^^^^^^^^^^^^^^^^^
  File "/home/ubuntu/tradebot/trading-bot/venv/lib/python3.12/site-packages/flask/app.py", line 865, in dispatch_request
    return self.ensure_sync(self.view_functions[rule.endpoint])(**view_args)  # type: ignore[no-any-return]
           ^^^^^^^^^^^^^^^^^^^^^^^^^^^^^^^^^^^^^^^^^^^^^^^^^^^^^^^^^^^^^^^^^
  File "/home/ubuntu/tradebot/trading-bot/main.py", line 70, in webhook
    price = int(int(actual_price/100)*100)
                    ~~~~~~~~~~~~^~~~
TypeError: unsupported operand type(s) for /: 'str' and 'int'
[2024-05-24 06:54:07,090] ERROR in app: Exception on /webhook [POST]
Traceback (most recent call last):
  File "/home/ubuntu/tradebot/trading-bot/venv/lib/python3.12/site-packages/flask/app.py", line 1473, in wsgi_app
    response = self.full_dispatch_request()
               ^^^^^^^^^^^^^^^^^^^^^^^^^^^^
  File "/home/ubuntu/tradebot/trading-bot/venv/lib/python3.12/site-packages/flask/app.py", line 882, in full_dispatch_request
    rv = self.handle_user_exception(e)
         ^^^^^^^^^^^^^^^^^^^^^^^^^^^^^
  File "/home/ubuntu/tradebot/trading-bot/venv/lib/python3.12/site-packages/flask/app.py", line 880, in full_dispatch_request
    rv = self.dispatch_request()
         ^^^^^^^^^^^^^^^^^^^^^^^
  File "/home/ubuntu/tradebot/trading-bot/venv/lib/python3.12/site-packages/flask/app.py", line 865, in dispatch_request
    return self.ensure_sync(self.view_functions[rule.endpoint])(**view_args)  # type: ignore[no-any-return]
           ^^^^^^^^^^^^^^^^^^^^^^^^^^^^^^^^^^^^^^^^^^^^^^^^^^^^^^^^^^^^^^^^^
  File "/home/ubuntu/tradebot/trading-bot/main.py", line 70, in webhook
    price = int(int(actual_price/100)*100)
                    ~~~~~~~~~~~~^~~~
TypeError: unsupported operand type(s) for /: 'str' and 'int'
[2024-05-24 06:54:12,404] ERROR in app: Exception on /webhook [POST]
Traceback (most recent call last):
  File "/home/ubuntu/tradebot/trading-bot/venv/lib/python3.12/site-packages/flask/app.py", line 1473, in wsgi_app
    response = self.full_dispatch_request()
               ^^^^^^^^^^^^^^^^^^^^^^^^^^^^
  File "/home/ubuntu/tradebot/trading-bot/venv/lib/python3.12/site-packages/flask/app.py", line 882, in full_dispatch_request
    rv = self.handle_user_exception(e)
         ^^^^^^^^^^^^^^^^^^^^^^^^^^^^^
  File "/home/ubuntu/tradebot/trading-bot/venv/lib/python3.12/site-packages/flask/app.py", line 880, in full_dispatch_request
    rv = self.dispatch_request()
         ^^^^^^^^^^^^^^^^^^^^^^^
  File "/home/ubuntu/tradebot/trading-bot/venv/lib/python3.12/site-packages/flask/app.py", line 865, in dispatch_request
    return self.ensure_sync(self.view_functions[rule.endpoint])(**view_args)  # type: ignore[no-any-return]
           ^^^^^^^^^^^^^^^^^^^^^^^^^^^^^^^^^^^^^^^^^^^^^^^^^^^^^^^^^^^^^^^^^
  File "/home/ubuntu/tradebot/trading-bot/main.py", line 70, in webhook
    price = int(int(actual_price/100)*100)
                    ~~~~~~~~~~~~^~~~
TypeError: unsupported operand type(s) for /: 'str' and 'int'
[2024-05-24 06:54:17,719] ERROR in app: Exception on /webhook [POST]
Traceback (most recent call last):
  File "/home/ubuntu/tradebot/trading-bot/venv/lib/python3.12/site-packages/flask/app.py", line 1473, in wsgi_app
    response = self.full_dispatch_request()
               ^^^^^^^^^^^^^^^^^^^^^^^^^^^^
  File "/home/ubuntu/tradebot/trading-bot/venv/lib/python3.12/site-packages/flask/app.py", line 882, in full_dispatch_request
    rv = self.handle_user_exception(e)
         ^^^^^^^^^^^^^^^^^^^^^^^^^^^^^
  File "/home/ubuntu/tradebot/trading-bot/venv/lib/python3.12/site-packages/flask/app.py", line 880, in full_dispatch_request
    rv = self.dispatch_request()
         ^^^^^^^^^^^^^^^^^^^^^^^
  File "/home/ubuntu/tradebot/trading-bot/venv/lib/python3.12/site-packages/flask/app.py", line 865, in dispatch_request
    return self.ensure_sync(self.view_functions[rule.endpoint])(**view_args)  # type: ignore[no-any-return]
           ^^^^^^^^^^^^^^^^^^^^^^^^^^^^^^^^^^^^^^^^^^^^^^^^^^^^^^^^^^^^^^^^^
  File "/home/ubuntu/tradebot/trading-bot/main.py", line 70, in webhook
    price = int(int(actual_price/100)*100)
                    ~~~~~~~~~~~~^~~~
TypeError: unsupported operand type(s) for /: 'str' and 'int'
[2024-05-24 07:13:03,447] ERROR in app: Exception on /webhook [POST]
Traceback (most recent call last):
  File "/home/ubuntu/tradebot/trading-bot/venv/lib/python3.12/site-packages/flask/app.py", line 1473, in wsgi_app
    response = self.full_dispatch_request()
               ^^^^^^^^^^^^^^^^^^^^^^^^^^^^
  File "/home/ubuntu/tradebot/trading-bot/venv/lib/python3.12/site-packages/flask/app.py", line 882, in full_dispatch_request
    rv = self.handle_user_exception(e)
         ^^^^^^^^^^^^^^^^^^^^^^^^^^^^^
  File "/home/ubuntu/tradebot/trading-bot/venv/lib/python3.12/site-packages/flask/app.py", line 880, in full_dispatch_request
    rv = self.dispatch_request()
         ^^^^^^^^^^^^^^^^^^^^^^^
  File "/home/ubuntu/tradebot/trading-bot/venv/lib/python3.12/site-packages/flask/app.py", line 865, in dispatch_request
    return self.ensure_sync(self.view_functions[rule.endpoint])(**view_args)  # type: ignore[no-any-return]
           ^^^^^^^^^^^^^^^^^^^^^^^^^^^^^^^^^^^^^^^^^^^^^^^^^^^^^^^^^^^^^^^^^
  File "/home/ubuntu/tradebot/trading-bot/main.py", line 70, in webhook
    price = int(int(actual_price/100)*100)
                    ~~~~~~~~~~~~^~~~
TypeError: unsupported operand type(s) for /: 'str' and 'int'
[2024-05-24 07:13:08,773] ERROR in app: Exception on /webhook [POST]
Traceback (most recent call last):
  File "/home/ubuntu/tradebot/trading-bot/venv/lib/python3.12/site-packages/flask/app.py", line 1473, in wsgi_app
    response = self.full_dispatch_request()
               ^^^^^^^^^^^^^^^^^^^^^^^^^^^^
  File "/home/ubuntu/tradebot/trading-bot/venv/lib/python3.12/site-packages/flask/app.py", line 882, in full_dispatch_request
    rv = self.handle_user_exception(e)
         ^^^^^^^^^^^^^^^^^^^^^^^^^^^^^
  File "/home/ubuntu/tradebot/trading-bot/venv/lib/python3.12/site-packages/flask/app.py", line 880, in full_dispatch_request
    rv = self.dispatch_request()
         ^^^^^^^^^^^^^^^^^^^^^^^
  File "/home/ubuntu/tradebot/trading-bot/venv/lib/python3.12/site-packages/flask/app.py", line 865, in dispatch_request
    return self.ensure_sync(self.view_functions[rule.endpoint])(**view_args)  # type: ignore[no-any-return]
           ^^^^^^^^^^^^^^^^^^^^^^^^^^^^^^^^^^^^^^^^^^^^^^^^^^^^^^^^^^^^^^^^^
  File "/home/ubuntu/tradebot/trading-bot/main.py", line 70, in webhook
    price = int(int(actual_price/100)*100)
                    ~~~~~~~~~~~~^~~~
TypeError: unsupported operand type(s) for /: 'str' and 'int'
[2024-05-24 07:13:14,090] ERROR in app: Exception on /webhook [POST]
Traceback (most recent call last):
  File "/home/ubuntu/tradebot/trading-bot/venv/lib/python3.12/site-packages/flask/app.py", line 1473, in wsgi_app
    response = self.full_dispatch_request()
               ^^^^^^^^^^^^^^^^^^^^^^^^^^^^
  File "/home/ubuntu/tradebot/trading-bot/venv/lib/python3.12/site-packages/flask/app.py", line 882, in full_dispatch_request
    rv = self.handle_user_exception(e)
         ^^^^^^^^^^^^^^^^^^^^^^^^^^^^^
  File "/home/ubuntu/tradebot/trading-bot/venv/lib/python3.12/site-packages/flask/app.py", line 880, in full_dispatch_request
    rv = self.dispatch_request()
         ^^^^^^^^^^^^^^^^^^^^^^^
  File "/home/ubuntu/tradebot/trading-bot/venv/lib/python3.12/site-packages/flask/app.py", line 865, in dispatch_request
    return self.ensure_sync(self.view_functions[rule.endpoint])(**view_args)  # type: ignore[no-any-return]
           ^^^^^^^^^^^^^^^^^^^^^^^^^^^^^^^^^^^^^^^^^^^^^^^^^^^^^^^^^^^^^^^^^
  File "/home/ubuntu/tradebot/trading-bot/main.py", line 70, in webhook
    price = int(int(actual_price/100)*100)
                    ~~~~~~~~~~~~^~~~
TypeError: unsupported operand type(s) for /: 'str' and 'int'
[2024-05-24 07:13:19,409] ERROR in app: Exception on /webhook [POST]
Traceback (most recent call last):
  File "/home/ubuntu/tradebot/trading-bot/venv/lib/python3.12/site-packages/flask/app.py", line 1473, in wsgi_app
    response = self.full_dispatch_request()
               ^^^^^^^^^^^^^^^^^^^^^^^^^^^^
  File "/home/ubuntu/tradebot/trading-bot/venv/lib/python3.12/site-packages/flask/app.py", line 882, in full_dispatch_request
    rv = self.handle_user_exception(e)
         ^^^^^^^^^^^^^^^^^^^^^^^^^^^^^
  File "/home/ubuntu/tradebot/trading-bot/venv/lib/python3.12/site-packages/flask/app.py", line 880, in full_dispatch_request
    rv = self.dispatch_request()
         ^^^^^^^^^^^^^^^^^^^^^^^
  File "/home/ubuntu/tradebot/trading-bot/venv/lib/python3.12/site-packages/flask/app.py", line 865, in dispatch_request
    return self.ensure_sync(self.view_functions[rule.endpoint])(**view_args)  # type: ignore[no-any-return]
           ^^^^^^^^^^^^^^^^^^^^^^^^^^^^^^^^^^^^^^^^^^^^^^^^^^^^^^^^^^^^^^^^^
  File "/home/ubuntu/tradebot/trading-bot/main.py", line 70, in webhook
    price = int(int(actual_price/100)*100)
                    ~~~~~~~~~~~~^~~~
TypeError: unsupported operand type(s) for /: 'str' and 'int'
[2024-05-24 07:40:02,109] ERROR in app: Exception on /webhook [POST]
Traceback (most recent call last):
  File "/home/ubuntu/tradebot/trading-bot/venv/lib/python3.12/site-packages/flask/app.py", line 1473, in wsgi_app
    response = self.full_dispatch_request()
               ^^^^^^^^^^^^^^^^^^^^^^^^^^^^
  File "/home/ubuntu/tradebot/trading-bot/venv/lib/python3.12/site-packages/flask/app.py", line 882, in full_dispatch_request
    rv = self.handle_user_exception(e)
         ^^^^^^^^^^^^^^^^^^^^^^^^^^^^^
  File "/home/ubuntu/tradebot/trading-bot/venv/lib/python3.12/site-packages/flask/app.py", line 880, in full_dispatch_request
    rv = self.dispatch_request()
         ^^^^^^^^^^^^^^^^^^^^^^^
  File "/home/ubuntu/tradebot/trading-bot/venv/lib/python3.12/site-packages/flask/app.py", line 865, in dispatch_request
    return self.ensure_sync(self.view_functions[rule.endpoint])(**view_args)  # type: ignore[no-any-return]
           ^^^^^^^^^^^^^^^^^^^^^^^^^^^^^^^^^^^^^^^^^^^^^^^^^^^^^^^^^^^^^^^^^
  File "/home/ubuntu/tradebot/trading-bot/main.py", line 70, in webhook
    price = int(int(actual_price/100)*100)
                    ~~~~~~~~~~~~^~~~
TypeError: unsupported operand type(s) for /: 'str' and 'int'
[2024-05-24 07:40:09,127] ERROR in app: Exception on /webhook [POST]
Traceback (most recent call last):
  File "/home/ubuntu/tradebot/trading-bot/venv/lib/python3.12/site-packages/flask/app.py", line 1473, in wsgi_app
    response = self.full_dispatch_request()
               ^^^^^^^^^^^^^^^^^^^^^^^^^^^^
  File "/home/ubuntu/tradebot/trading-bot/venv/lib/python3.12/site-packages/flask/app.py", line 882, in full_dispatch_request
    rv = self.handle_user_exception(e)
         ^^^^^^^^^^^^^^^^^^^^^^^^^^^^^
  File "/home/ubuntu/tradebot/trading-bot/venv/lib/python3.12/site-packages/flask/app.py", line 880, in full_dispatch_request
    rv = self.dispatch_request()
         ^^^^^^^^^^^^^^^^^^^^^^^
  File "/home/ubuntu/tradebot/trading-bot/venv/lib/python3.12/site-packages/flask/app.py", line 865, in dispatch_request
    return self.ensure_sync(self.view_functions[rule.endpoint])(**view_args)  # type: ignore[no-any-return]
           ^^^^^^^^^^^^^^^^^^^^^^^^^^^^^^^^^^^^^^^^^^^^^^^^^^^^^^^^^^^^^^^^^
  File "/home/ubuntu/tradebot/trading-bot/main.py", line 70, in webhook
    price = int(int(actual_price/100)*100)
                    ~~~~~~~~~~~~^~~~
TypeError: unsupported operand type(s) for /: 'str' and 'int'
[2024-05-24 07:40:14,470] ERROR in app: Exception on /webhook [POST]
Traceback (most recent call last):
  File "/home/ubuntu/tradebot/trading-bot/venv/lib/python3.12/site-packages/flask/app.py", line 1473, in wsgi_app
    response = self.full_dispatch_request()
               ^^^^^^^^^^^^^^^^^^^^^^^^^^^^
  File "/home/ubuntu/tradebot/trading-bot/venv/lib/python3.12/site-packages/flask/app.py", line 882, in full_dispatch_request
    rv = self.handle_user_exception(e)
         ^^^^^^^^^^^^^^^^^^^^^^^^^^^^^
  File "/home/ubuntu/tradebot/trading-bot/venv/lib/python3.12/site-packages/flask/app.py", line 880, in full_dispatch_request
    rv = self.dispatch_request()
         ^^^^^^^^^^^^^^^^^^^^^^^
  File "/home/ubuntu/tradebot/trading-bot/venv/lib/python3.12/site-packages/flask/app.py", line 865, in dispatch_request
    return self.ensure_sync(self.view_functions[rule.endpoint])(**view_args)  # type: ignore[no-any-return]
           ^^^^^^^^^^^^^^^^^^^^^^^^^^^^^^^^^^^^^^^^^^^^^^^^^^^^^^^^^^^^^^^^^
  File "/home/ubuntu/tradebot/trading-bot/main.py", line 70, in webhook
    price = int(int(actual_price/100)*100)
                    ~~~~~~~~~~~~^~~~
TypeError: unsupported operand type(s) for /: 'str' and 'int'
[2024-05-24 07:40:19,788] ERROR in app: Exception on /webhook [POST]
Traceback (most recent call last):
  File "/home/ubuntu/tradebot/trading-bot/venv/lib/python3.12/site-packages/flask/app.py", line 1473, in wsgi_app
    response = self.full_dispatch_request()
               ^^^^^^^^^^^^^^^^^^^^^^^^^^^^
  File "/home/ubuntu/tradebot/trading-bot/venv/lib/python3.12/site-packages/flask/app.py", line 882, in full_dispatch_request
    rv = self.handle_user_exception(e)
         ^^^^^^^^^^^^^^^^^^^^^^^^^^^^^
  File "/home/ubuntu/tradebot/trading-bot/venv/lib/python3.12/site-packages/flask/app.py", line 880, in full_dispatch_request
    rv = self.dispatch_request()
         ^^^^^^^^^^^^^^^^^^^^^^^
  File "/home/ubuntu/tradebot/trading-bot/venv/lib/python3.12/site-packages/flask/app.py", line 865, in dispatch_request
    return self.ensure_sync(self.view_functions[rule.endpoint])(**view_args)  # type: ignore[no-any-return]
           ^^^^^^^^^^^^^^^^^^^^^^^^^^^^^^^^^^^^^^^^^^^^^^^^^^^^^^^^^^^^^^^^^
  File "/home/ubuntu/tradebot/trading-bot/main.py", line 70, in webhook
    price = int(int(actual_price/100)*100)
                    ~~~~~~~~~~~~^~~~
TypeError: unsupported operand type(s) for /: 'str' and 'int'
[2024-05-24 07:54:31 +0000] [1998] [INFO] Worker exiting (pid: 1998)
[2024-05-24 07:54:31 +0000] [1996] [INFO] Handling signal: term
Received data: {'ticker': 'SENSEX', 'timenow': '2024-05-23T10:09:00Z', 'strategy.order.price': 70913.14, 'strategy.order.comment': 'SellPE'}
Received data: {'ticker': 'SENSEX', 'timenow': '2024-05-23T10:09:00Z', 'strategy.order.price': 70913.14, 'strategy.order.comment': 'BuyPE'}
Received data: {'ticker': 'SENSEX', 'timenow': '2024-05-23T10:09:00Z', 'strategy.order.price': 70913.14, 'strategy.order.comment': 'SellCE'}
[2024-05-24 07:54:31 +0000] [1997] [INFO] Worker exiting (pid: 1997)
Received data: {'ticker': 'SENSEX', 'timenow': '2024-05-23T10:09:00Z', 'strategy.order.price': 70913.14, 'strategy.order.comment': 'SellPE'}
Received data: {'ticker': 'SENSEX', 'timenow': '2024-05-23T10:09:00Z', 'strategy.order.price': 70913.14, 'strategy.order.comment': 'BuyCE'}
[2024-05-24 07:54:31 +0000] [1999] [INFO] Worker exiting (pid: 1999)
[2024-05-24 07:54:31 +0000] [1996] [ERROR] Worker (pid:1998) was sent SIGTERM!
[2024-05-24 07:54:31 +0000] [1996] [INFO] Shutting down: Master
[2024-05-24 07:54:36 +0000] [2522] [INFO] Worker exiting (pid: 2522)
Received data: {'ticker': 'SENSEX', 'timenow': '2024-05-24T06:06:00Z', 'strategy.order.action': 'buy', 'strategy.order.price': '75450.94', 'strategy.order.comment': 'BuyCE'}
Received data: {'ticker': 'SENSEX', 'timenow': '2024-05-24T06:16:00Z', 'strategy.order.action': 'sell', 'strategy.order.price': '75427.98', 'strategy.order.comment': 'SellCE'}
Received data: {'ticker': 'SENSEX', 'timenow': '2024-05-24T06:28:00Z', 'strategy.order.action': 'buy', 'strategy.order.price': '75448.75', 'strategy.order.comment': 'BuyCE'}
Received data: {'ticker': 'SENSEX', 'timenow': '2024-05-24T06:28:00Z', 'strategy.order.action': 'buy', 'strategy.order.price': '75448.75', 'strategy.order.comment': 'BuyCE'}
Received data: {'ticker': 'SENSEX', 'timenow': '2024-05-24T06:36:01Z', 'strategy.order.action': 'sell', 'strategy.order.price': '75423.69', 'strategy.order.comment': 'SellCE'}
Received data: {'ticker': 'SENSEX', 'timenow': '2024-05-24T06:46:01Z', 'strategy.order.action': 'buy', 'strategy.order.price': '75437.88', 'strategy.order.comment': 'BuyCE'}
Received data: {'ticker': 'SENSEX', 'timenow': '2024-05-24T07:13:01Z', 'strategy.order.action': 'buy', 'strategy.order.price': '75409.07', 'strategy.order.comment': 'BuyCE'}
Received data: {'ticker': 'SENSEX', 'timenow': '2024-05-24T07:35:00Z', 'strategy.order.action': 'sell', 'strategy.order.price': '75427.78', 'strategy.order.comment': 'SellCE'}
Received data: {'ticker': 'SENSEX', 'timenow': '2024-05-24T07:40:01Z', 'strategy.order.action': 'buy', 'strategy.order.price': '75449.35', 'strategy.order.comment': 'BuyCE'}
[2024-05-24 07:54:36 +0000] [2482] [INFO] Handling signal: term
[2024-05-24 07:54:36 +0000] [2523] [INFO] Worker exiting (pid: 2523)
Received data: {'ticker': 'SENSEX', 'timenow': '2024-05-23T10:09:00Z', 'strategy.order.price': 70913.14, 'strategy.order.comment': 'SellCE'}
Received data: {'ticker': 'SENSEX', 'timenow': '2024-05-23T10:09:00Z', 'strategy.order.price': 70913.14, 'strategy.order.comment': 'BuyCE'}
Received data: {'ticker': 'SENSEX', 'timenow': '2024-05-24T06:06:00Z', 'strategy.order.action': 'buy', 'strategy.order.price': '75450.94', 'strategy.order.comment': 'BuyCE'}
Received data: {'ticker': 'SENSEX', 'timenow': '2024-05-24T06:06:00Z', 'strategy.order.action': 'buy', 'strategy.order.price': '75450.94', 'strategy.order.comment': 'BuyCE'}
Received data: {'ticker': 'SENSEX', 'timenow': '2024-05-24T06:06:00Z', 'strategy.order.action': 'buy', 'strategy.order.price': '75450.94', 'strategy.order.comment': 'BuyCE'}
Received data: {'ticker': 'SENSEX', 'timenow': '2024-05-24T06:34:00Z', 'strategy.order.action': 'buy', 'strategy.order.price': '75451.28', 'strategy.order.comment': 'BuyCE'}
Received data: {'ticker': 'SENSEX', 'timenow': '2024-05-24T06:34:00Z', 'strategy.order.action': 'buy', 'strategy.order.price': '75451.28', 'strategy.order.comment': 'BuyCE'}
Received data: {'ticker': 'SENSEX', 'timenow': '2024-05-24T06:34:00Z', 'strategy.order.action': 'buy', 'strategy.order.price': '75451.28', 'strategy.order.comment': 'BuyCE'}
Received data: {'ticker': 'SENSEX', 'timenow': '2024-05-24T06:40:00Z', 'strategy.order.action': 'buy', 'strategy.order.price': '75433.69', 'strategy.order.comment': 'BuyCE'}
Received data: {'ticker': 'SENSEX', 'timenow': '2024-05-24T06:40:00Z', 'strategy.order.action': 'buy', 'strategy.order.price': '75433.69', 'strategy.order.comment': 'BuyCE'}
Received data: {'ticker': 'SENSEX', 'timenow': '2024-05-24T06:40:00Z', 'strategy.order.action': 'buy', 'strategy.order.price': '75433.69', 'strategy.order.comment': 'BuyCE'}
Received data: {'ticker': 'SENSEX', 'timenow': '2024-05-24T06:45:01Z', 'strategy.order.action': 'sell', 'strategy.order.price': '75426.57', 'strategy.order.comment': 'SellCE'}
Received data: {'ticker': 'SENSEX', 'timenow': '2024-05-24T06:46:01Z', 'strategy.order.action': 'buy', 'strategy.order.price': '75437.88', 'strategy.order.comment': 'BuyCE'}
Received data: {'ticker': 'SENSEX', 'timenow': '2024-05-24T06:46:01Z', 'strategy.order.action': 'buy', 'strategy.order.price': '75437.88', 'strategy.order.comment': 'BuyCE'}
Received data: {'ticker': 'SENSEX', 'timenow': '2024-05-24T06:56:02Z', 'strategy.order.action': 'sell', 'strategy.order.price': '75424.07', 'strategy.order.comment': 'SellCE'}
Received data: {'ticker': 'SENSEX', 'timenow': '2024-05-24T07:13:01Z', 'strategy.order.action': 'buy', 'strategy.order.price': '75409.07', 'strategy.order.comment': 'BuyCE'}
Received data: {'ticker': 'SENSEX', 'timenow': '2024-05-24T07:40:01Z', 'strategy.order.action': 'buy', 'strategy.order.price': '75449.35', 'strategy.order.comment': 'BuyCE'}
[2024-05-24 07:54:36 +0000] [2982] [INFO] Worker exiting (pid: 2982)
Received data: {'ticker': 'SENSEX', 'timenow': '2024-05-24T06:28:00Z', 'strategy.order.action': 'buy', 'strategy.order.price': '75448.75', 'strategy.order.comment': 'BuyCE'}
Received data: {'ticker': 'SENSEX', 'timenow': '2024-05-24T06:28:00Z', 'strategy.order.action': 'buy', 'strategy.order.price': '75448.75', 'strategy.order.comment': 'BuyCE'}
Received data: {'ticker': 'SENSEX', 'timenow': '2024-05-24T06:33:00Z', 'strategy.order.action': 'sell', 'strategy.order.price': '75432.52', 'strategy.order.comment': 'SellCE'}
Received data: {'ticker': 'SENSEX', 'timenow': '2024-05-24T06:34:00Z', 'strategy.order.action': 'buy', 'strategy.order.price': '75451.28', 'strategy.order.comment': 'BuyCE'}
Received data: {'ticker': 'SENSEX', 'timenow': '2024-05-24T06:40:00Z', 'strategy.order.action': 'buy', 'strategy.order.price': '75433.69', 'strategy.order.comment': 'BuyCE'}
Received data: {'ticker': 'SENSEX', 'timenow': '2024-05-24T06:46:01Z', 'strategy.order.action': 'buy', 'strategy.order.price': '75437.88', 'strategy.order.comment': 'BuyCE'}
Received data: {'ticker': 'SENSEX', 'timenow': '2024-05-24T06:50:00Z', 'strategy.order.action': 'sell', 'strategy.order.price': '75427.92', 'strategy.order.comment': 'SellCE'}
Received data: {'ticker': 'SENSEX', 'timenow': '2024-05-24T06:54:01Z', 'strategy.order.action': 'buy', 'strategy.order.price': '75439.34', 'strategy.order.comment': 'BuyCE'}
Received data: {'ticker': 'SENSEX', 'timenow': '2024-05-24T06:54:01Z', 'strategy.order.action': 'buy', 'strategy.order.price': '75439.34', 'strategy.order.comment': 'BuyCE'}
Received data: {'ticker': 'SENSEX', 'timenow': '2024-05-24T06:54:01Z', 'strategy.order.action': 'buy', 'strategy.order.price': '75439.34', 'strategy.order.comment': 'BuyCE'}
Received data: {'ticker': 'SENSEX', 'timenow': '2024-05-24T06:54:01Z', 'strategy.order.action': 'buy', 'strategy.order.price': '75439.34', 'strategy.order.comment': 'BuyCE'}
Received data: {'ticker': 'SENSEX', 'timenow': '2024-05-24T07:13:01Z', 'strategy.order.action': 'buy', 'strategy.order.price': '75409.07', 'strategy.order.comment': 'BuyCE'}
Received data: {'ticker': 'SENSEX', 'timenow': '2024-05-24T07:13:01Z', 'strategy.order.action': 'buy', 'strategy.order.price': '75409.07', 'strategy.order.comment': 'BuyCE'}
Received data: {'ticker': 'SENSEX', 'timenow': '2024-05-24T07:40:01Z', 'strategy.order.action': 'buy', 'strategy.order.price': '75449.35', 'strategy.order.comment': 'BuyCE'}
Received data: {'ticker': 'SENSEX', 'timenow': '2024-05-24T07:40:01Z', 'strategy.order.action': 'buy', 'strategy.order.price': '75449.35', 'strategy.order.comment': 'BuyCE'}
[2024-05-24 07:54:36 +0000] [2482] [ERROR] Worker (pid:2522) was sent SIGTERM!
[2024-05-24 07:54:36 +0000] [2482] [ERROR] Worker (pid:2523) was sent SIGTERM!
[2024-05-24 07:54:36 +0000] [2482] [INFO] Shutting down: Master
